
> geneva-frontend@0.1.0 start
> react-scripts start

(node:25884) [DEP0176] DeprecationWarning: fs.F_OK is deprecated, use fs.constants.F_OK instead
(Use `node --trace-deprecation ...` to show where the warning was created)
(node:25884) [DEP_WEBPACK_DEV_SERVER_ON_AFTER_SETUP_MIDDLEWARE] DeprecationWarning: 'onAfterSetupMiddleware' option is deprecated. Please use the 'setupMiddlewares' option.
(node:25884) [DEP_WEBPACK_DEV_SERVER_ON_BEFORE_SETUP_MIDDLEWARE] DeprecationWarning: 'onBeforeSetupMiddleware' option is deprecated. Please use the 'setupMiddlewares' option.
Starting the development server...

Compiled with warnings.

[eslint] 
src/components/ACORNChatRoom.tsx
  Line 2:113:  'Divider' is defined but never used           @typescript-eslint/no-unused-vars
  Line 2:134:  'CircularProgress' is defined but never used  @typescript-eslint/no-unused-vars
  Line 181:9:  'infraWs' is assigned a value but never used  @typescript-eslint/no-unused-vars

Search for the keywords to learn more about each warning.
To ignore, add // eslint-disable-next-line to the line before.

WARNING in [eslint] 
src/components/ACORNChatRoom.tsx
  Line 2:113:  'Divider' is defined but never used           @typescript-eslint/no-unused-vars
  Line 2:134:  'CircularProgress' is defined but never used  @typescript-eslint/no-unused-vars
  Line 181:9:  'infraWs' is assigned a value but never used  @typescript-eslint/no-unused-vars

webpack compiled with 1 warning
No issues found.
(node:25884) [DEP0060] DeprecationWarning: The `util._extend` API is deprecated. Please use Object.assign() instead.
